Vivado Simulator 2018.1
Copyright 1986-1999, 2001-2017 Xilinx, Inc. All Rights Reserved.
Running: D:/Xilinx/Vivado/2018.1/bin/unwrapped/win64.o/xelab.exe -wto 170d9de69d9148e089bb2491b67ba147 --incr --debug typical --relax --mt 2 -L xil_defaultlib -L secureip --snapshot NanoProcessor_Test_behav xil_defaultlib.NanoProcessor_Test -log elaborate.log 
Using 2 slave threads.
Starting static elaboration
Completed static elaboration
Starting simulation data flow analysis
Completed simulation data flow analysis
Time Resolution for simulation is 1ps
Compiling package std.standard
Compiling package std.textio
Compiling package ieee.std_logic_1164
Compiling package ieee.numeric_std
Compiling architecture behavioral of entity xil_defaultlib.LUT_16_7 [lut_16_7_default]
Compiling architecture behavioral of entity xil_defaultlib.Decoder_2_to_4 [decoder_2_to_4_default]
Compiling architecture behavioral of entity xil_defaultlib.Decoder_3_to_8 [decoder_3_to_8_default]
Compiling architecture behavioral of entity xil_defaultlib.TristateBuff [tristatebuff_default]
Compiling architecture behavioral of entity xil_defaultlib.MUX_8_to_4 [mux_8_to_4_default]
Compiling architecture behavioral of entity xil_defaultlib.HA [ha_default]
Compiling architecture behavioral of entity xil_defaultlib.FA [fa_default]
Compiling architecture behavioral of entity xil_defaultlib.RCA_4 [rca_4_default]
Compiling architecture behavioral of entity xil_defaultlib.Add_Sub_Unit [add_sub_unit_default]
Compiling architecture behavioral of entity xil_defaultlib.ALU_Unit [alu_unit_default]
Compiling architecture behavioral of entity xil_defaultlib.Slow_Clk [slow_clk_default]
Compiling architecture behavioral of entity xil_defaultlib.Reg [reg_default]
Compiling architecture behavioral of entity xil_defaultlib.RegisterBank [registerbank_default]
Compiling architecture behavioral of entity xil_defaultlib.MUX_2_to_4 [mux_2_to_4_default]
Compiling architecture behavioral of entity xil_defaultlib.InstructionDecoder [instructiondecoder_default]
Compiling architecture behavioral of entity xil_defaultlib.TSB_3 [tsb_3_default]
Compiling architecture behavioral of entity xil_defaultlib.Mux_2W3B [mux_2w3b_default]
Compiling architecture behavioral of entity xil_defaultlib.ProgramROM [programrom_default]
Compiling architecture behavioral of entity xil_defaultlib.TBA [tba_default]
Compiling architecture behavioral of entity xil_defaultlib.D_FF [d_ff_default]
Compiling architecture behavioral of entity xil_defaultlib.ProgramCounter [programcounter_default]
Compiling architecture behavioral of entity xil_defaultlib.NanoProcessor [nanoprocessor_default]
Compiling architecture behavioral of entity xil_defaultlib.nanoprocessor_test
Built simulation snapshot NanoProcessor_Test_behav
